c:\users\tonyk\source\repos\spitoon\x64\debug\csc8503common.pdb
c:\users\tonyk\source\repos\spitoon\x64\debug\csc8503common.idb
c:\users\tonyk\source\repos\spitoon\csc8503\csc8503common\x64\debug\statemachine.obj
c:\users\tonyk\source\repos\spitoon\csc8503\csc8503common\x64\debug\renderobject.obj
c:\users\tonyk\source\repos\spitoon\csc8503\csc8503common\x64\debug\pushdownstate.obj
c:\users\tonyk\source\repos\spitoon\csc8503\csc8503common\x64\debug\pushdownmachine.obj
c:\users\tonyk\source\repos\spitoon\csc8503\csc8503common\x64\debug\rigidbody.obj
c:\users\tonyk\source\repos\spitoon\csc8503\csc8503common\x64\debug\pxsystem.obj
c:\users\tonyk\source\repos\spitoon\csc8503\csc8503common\x64\debug\collisiondetection.obj
c:\users\tonyk\source\repos\spitoon\csc8503\csc8503common\x64\debug\collidercomponent.obj
c:\users\tonyk\source\repos\spitoon\csc8503\csc8503common\x64\debug\networkstate.obj
c:\users\tonyk\source\repos\spitoon\csc8503\csc8503common\x64\debug\networkobject.obj
c:\users\tonyk\source\repos\spitoon\csc8503\csc8503common\x64\debug\networkbase.obj
c:\users\tonyk\source\repos\spitoon\csc8503\csc8503common\x64\debug\navigationmesh.obj
c:\users\tonyk\source\repos\spitoon\csc8503\csc8503common\x64\debug\navigationgrid.obj
c:\users\tonyk\source\repos\spitoon\csc8503\csc8503common\x64\debug\jsoncpp.obj
c:\users\tonyk\source\repos\spitoon\csc8503\csc8503common\x64\debug\gameworld.obj
c:\users\tonyk\source\repos\spitoon\csc8503\csc8503common\x64\debug\gameserver.obj
c:\users\tonyk\source\repos\spitoon\csc8503\csc8503common\x64\debug\gameobject.obj
c:\users\tonyk\source\repos\spitoon\csc8503\csc8503common\x64\debug\gameclient.obj
c:\users\tonyk\source\repos\spitoon\csc8503\csc8503common\x64\debug\debug.obj
c:\users\tonyk\source\repos\spitoon\csc8503\csc8503common\x64\debug\cleaner.obj
c:\users\tonyk\source\repos\spitoon\csc8503\csc8503common\x64\debug\transform.obj
c:\users\tonyk\source\repos\spitoon\csc8503\csc8503common\x64\debug\systemconfig.obj
c:\users\tonyk\source\repos\spitoon\csc8503\csc8503common\x64\debug\statetransition.obj
c:\users\tonyk\source\repos\spitoon\x64\debug\csc8503common.lib
c:\users\tonyk\source\repos\spitoon\csc8503\csc8503common\x64\debug\csc8503common.tlog\cl.command.1.tlog
c:\users\tonyk\source\repos\spitoon\csc8503\csc8503common\x64\debug\csc8503common.tlog\cl.read.1.tlog
c:\users\tonyk\source\repos\spitoon\csc8503\csc8503common\x64\debug\csc8503common.tlog\cl.write.1.tlog
c:\users\tonyk\source\repos\spitoon\csc8503\csc8503common\x64\debug\csc8503common.tlog\lib-link.read.1.tlog
c:\users\tonyk\source\repos\spitoon\csc8503\csc8503common\x64\debug\csc8503common.tlog\lib-link.write.1.tlog
c:\users\tonyk\source\repos\spitoon\csc8503\csc8503common\x64\debug\csc8503common.tlog\lib.command.1.tlog
