c:\users\tonyk\source\repos\spitoon\csc8503\gametech\x64\debug\vc142.pdb
c:\users\tonyk\source\repos\spitoon\csc8503\gametech\x64\debug\pausemenu.obj
c:\users\tonyk\source\repos\spitoon\csc8503\gametech\x64\debug\main.obj
c:\users\tonyk\source\repos\spitoon\csc8503\gametech\x64\debug\jsonhandler.obj
c:\users\tonyk\source\repos\spitoon\csc8503\gametech\x64\debug\gametechrenderer.obj
c:\users\tonyk\source\repos\spitoon\csc8503\gametech\x64\debug\gamepushdownstate.obj
c:\users\tonyk\source\repos\spitoon\csc8503\gametech\x64\debug\gamepushdownstate_ui.obj
c:\users\tonyk\source\repos\spitoon\csc8503\gametech\x64\debug\debugmenu.obj
c:\users\tonyk\source\repos\spitoon\csc8503\gametech\x64\debug\courseworkgame.obj
c:\users\tonyk\source\repos\spitoon\csc8503\gametech\x64\debug\charactercontroller.obj
c:\users\tonyk\source\repos\spitoon\csc8503\gametech\x64\debug\audio.obj
c:\users\tonyk\source\repos\spitoon\csc8503\gametech\x64\debug\common_platform.obj
c:\users\tonyk\source\repos\spitoon\csc8503\gametech\x64\debug\common.obj
c:\users\tonyk\source\repos\spitoon\x64\debug\gametech.exe
c:\users\tonyk\source\repos\spitoon\csc8503\gametech\x64\debug\gametech.ilk
c:\users\tonyk\source\repos\spitoon\x64\debug\gametech.pdb
c:\users\tonyk\source\repos\spitoon\csc8503\gametech\x64\debug\gametech.tlog\cl.command.1.tlog
c:\users\tonyk\source\repos\spitoon\csc8503\gametech\x64\debug\gametech.tlog\cl.read.1.tlog
c:\users\tonyk\source\repos\spitoon\csc8503\gametech\x64\debug\gametech.tlog\cl.write.1.tlog
c:\users\tonyk\source\repos\spitoon\csc8503\gametech\x64\debug\gametech.tlog\link.command.1.tlog
c:\users\tonyk\source\repos\spitoon\csc8503\gametech\x64\debug\gametech.tlog\link.read.1.tlog
c:\users\tonyk\source\repos\spitoon\csc8503\gametech\x64\debug\gametech.tlog\link.write.1.tlog
