  GameTechRenderer.cpp
C:\Users\tonyk\source\repos\Spitoon\Common\NCLVector4.h(49,29): warning C4244: 'argument': conversion from 'int' to 'float', possible loss of data
C:\Users\tonyk\source\repos\Spitoon\Common\NCLVector4.h(49,26): warning C4244: 'argument': conversion from 'int' to 'float', possible loss of data
C:\Users\tonyk\source\repos\Spitoon\Common\NCLVector4.h(49,23): warning C4244: 'argument': conversion from 'int' to 'float', possible loss of data
C:\Users\tonyk\source\repos\Spitoon\Common\MeshMaterial.h(49,27): warning C4267: 'return': conversion from 'size_t' to 'int', possible loss of data
C:\Users\tonyk\source\repos\Spitoon\CSC8503\CSC8503Common\Physics\Types.h(45,13): warning C4244: 'initializing': conversion from 'float' to 'int', possible loss of data
C:\Users\tonyk\source\repos\Spitoon\CSC8503\CSC8503Common\NavigationPath.h(17,1): warning C4267: 'return': conversion from 'size_t' to 'int', possible loss of data
C:\Users\tonyk\source\repos\Spitoon\CSC8503\GameTech\GameTechRenderer.cpp(414,33): warning C4267: 'argument': conversion from 'size_t' to 'GLsizei', possible loss of data
C:\Users\tonyk\source\repos\Spitoon\CSC8503\GameTech\GameTechRenderer.cpp(747,33): warning C4267: 'argument': conversion from 'size_t' to 'GLsizei', possible loss of data
C:\Users\tonyk\source\repos\Spitoon\CSC8503\GameTech\GameTechRenderer.cpp(902,33): warning C4267: 'argument': conversion from 'size_t' to 'GLsizei', possible loss of data
  Generating code
  0 of 10054 functions ( 0.0%) were compiled, the rest were copied from previous compilation.
    0 functions were new in current compilation
    0 functions had inline decision re-evaluated but remain unchanged
  Finished generating code
PhysXExtensions_static_64.lib(ExtCollection.obj) : warning LNK4099: PDB 'PhysXExtensions_static_64.pdb' was not found with 'PhysXExtensions_static_64.lib(ExtCollection.obj)' or at 'C:\Users\tonyk\source\repos\Spitoon\x64\Release\PhysXExtensions_static_64.pdb'; linking object as if no debug info
PhysXExtensions_static_64.lib(ExtCpuWorkerThread.obj) : warning LNK4099: PDB 'PhysXExtensions_static_64.pdb' was not found with 'PhysXExtensions_static_64.lib(ExtCpuWorkerThread.obj)' or at 'C:\Users\tonyk\source\repos\Spitoon\x64\Release\PhysXExtensions_static_64.pdb'; linking object as if no debug info
PhysXExtensions_static_64.lib(ExtD6Joint.obj) : warning LNK4099: PDB 'PhysXExtensions_static_64.pdb' was not found with 'PhysXExtensions_static_64.lib(ExtD6Joint.obj)' or at 'C:\Users\tonyk\source\repos\Spitoon\x64\Release\PhysXExtensions_static_64.pdb'; linking object as if no debug info
PhysXExtensions_static_64.lib(ExtDefaultCpuDispatcher.obj) : warning LNK4099: PDB 'PhysXExtensions_static_64.pdb' was not found with 'PhysXExtensions_static_64.lib(ExtDefaultCpuDispatcher.obj)' or at 'C:\Users\tonyk\source\repos\Spitoon\x64\Release\PhysXExtensions_static_64.pdb'; linking object as if no debug info
PhysXExtensions_static_64.lib(ExtDefaultStreams.obj) : warning LNK4099: PDB 'PhysXExtensions_static_64.pdb' was not found with 'PhysXExtensions_static_64.lib(ExtDefaultStreams.obj)' or at 'C:\Users\tonyk\source\repos\Spitoon\x64\Release\PhysXExtensions_static_64.pdb'; linking object as if no debug info
PhysXExtensions_static_64.lib(ExtDistanceJoint.obj) : warning LNK4099: PDB '' was not found with 'PhysXExtensions_static_64.lib(ExtDistanceJoint.obj)' or at ''; linking object as if no debug info
PhysXExtensions_static_64.lib(ExtContactJoint.obj) : warning LNK4099: PDB 'PhysXExtensions_static_64.pdb' was not found with 'PhysXExtensions_static_64.lib(ExtContactJoint.obj)' or at 'C:\Users\tonyk\source\repos\Spitoon\x64\Release\PhysXExtensions_static_64.pdb'; linking object as if no debug info
PhysXExtensions_static_64.lib(ExtExtensions.obj) : warning LNK4099: PDB 'PhysXExtensions_static_64.pdb' was not found with 'PhysXExtensions_static_64.lib(ExtExtensions.obj)' or at 'C:\Users\tonyk\source\repos\Spitoon\x64\Release\PhysXExtensions_static_64.pdb'; linking object as if no debug info
PhysXExtensions_static_64.lib(ExtFixedJoint.obj) : warning LNK4099: PDB 'PhysXExtensions_static_64.pdb' was not found with 'PhysXExtensions_static_64.lib(ExtFixedJoint.obj)' or at 'C:\Users\tonyk\source\repos\Spitoon\x64\Release\PhysXExtensions_static_64.pdb'; linking object as if no debug info
PhysXExtensions_static_64.lib(ExtJoint.obj) : warning LNK4099: PDB 'PhysXExtensions_static_64.pdb' was not found with 'PhysXExtensions_static_64.lib(ExtJoint.obj)' or at 'C:\Users\tonyk\source\repos\Spitoon\x64\Release\PhysXExtensions_static_64.pdb'; linking object as if no debug info
PhysXExtensions_static_64.lib(ExtMetaData.obj) : warning LNK4099: PDB 'PhysXExtensions_static_64.pdb' was not found with 'PhysXExtensions_static_64.lib(ExtMetaData.obj)' or at 'C:\Users\tonyk\source\repos\Spitoon\x64\Release\PhysXExtensions_static_64.pdb'; linking object as if no debug info
PhysXExtensions_static_64.lib(ExtPrismaticJoint.obj) : warning LNK4099: PDB 'PhysXExtensions_static_64.pdb' was not found with 'PhysXExtensions_static_64.lib(ExtPrismaticJoint.obj)' or at 'C:\Users\tonyk\source\repos\Spitoon\x64\Release\PhysXExtensions_static_64.pdb'; linking object as if no debug info
PhysXExtensions_static_64.lib(ExtRevoluteJoint.obj) : warning LNK4099: PDB 'PhysXExtensions_static_64.pdb' was not found with 'PhysXExtensions_static_64.lib(ExtRevoluteJoint.obj)' or at 'C:\Users\tonyk\source\repos\Spitoon\x64\Release\PhysXExtensions_static_64.pdb'; linking object as if no debug info
PhysXExtensions_static_64.lib(ExtRigidBodyExt.obj) : warning LNK4099: PDB 'PhysXExtensions_static_64.pdb' was not found with 'PhysXExtensions_static_64.lib(ExtRigidBodyExt.obj)' or at 'C:\Users\tonyk\source\repos\Spitoon\x64\Release\PhysXExtensions_static_64.pdb'; linking object as if no debug info
PhysXExtensions_static_64.lib(ExtSphericalJoint.obj) : warning LNK4099: PDB 'PhysXExtensions_static_64.pdb' was not found with 'PhysXExtensions_static_64.lib(ExtSphericalJoint.obj)' or at 'C:\Users\tonyk\source\repos\Spitoon\x64\Release\PhysXExtensions_static_64.pdb'; linking object as if no debug info
PhysXExtensions_static_64.lib(PxExtensionAutoGeneratedMetaDataObjects.obj) : warning LNK4099: PDB 'PhysXExtensions_static_64.pdb' was not found with 'PhysXExtensions_static_64.lib(PxExtensionAutoGeneratedMetaDataObjects.obj)' or at 'C:\Users\tonyk\source\repos\Spitoon\x64\Release\PhysXExtensions_static_64.pdb'; linking object as if no debug info
PhysXExtensions_static_64.lib(SnSerialization.obj) : warning LNK4099: PDB 'PhysXExtensions_static_64.pdb' was not found with 'PhysXExtensions_static_64.lib(SnSerialization.obj)' or at 'C:\Users\tonyk\source\repos\Spitoon\x64\Release\PhysXExtensions_static_64.pdb'; linking object as if no debug info
PhysXExtensions_static_64.lib(SnSerializationRegistry.obj) : warning LNK4099: PDB 'PhysXExtensions_static_64.pdb' was not found with 'PhysXExtensions_static_64.lib(SnSerializationRegistry.obj)' or at 'C:\Users\tonyk\source\repos\Spitoon\x64\Release\PhysXExtensions_static_64.pdb'; linking object as if no debug info
PhysXExtensions_static_64.lib(SnSerialUtils.obj) : warning LNK4099: PDB 'PhysXExtensions_static_64.pdb' was not found with 'PhysXExtensions_static_64.lib(SnSerialUtils.obj)' or at 'C:\Users\tonyk\source\repos\Spitoon\x64\Release\PhysXExtensions_static_64.pdb'; linking object as if no debug info
PhysXExtensions_static_64.lib(SnJointRepXSerializer.obj) : warning LNK4099: PDB 'PhysXExtensions_static_64.pdb' was not found with 'PhysXExtensions_static_64.lib(SnJointRepXSerializer.obj)' or at 'C:\Users\tonyk\source\repos\Spitoon\x64\Release\PhysXExtensions_static_64.pdb'; linking object as if no debug info
PhysXExtensions_static_64.lib(SnRepXCoreSerializer.obj) : warning LNK4099: PDB 'PhysXExtensions_static_64.pdb' was not found with 'PhysXExtensions_static_64.lib(SnRepXCoreSerializer.obj)' or at 'C:\Users\tonyk\source\repos\Spitoon\x64\Release\PhysXExtensions_static_64.pdb'; linking object as if no debug info
PhysXExtensions_static_64.lib(SnRepXUpgrader.obj) : warning LNK4099: PDB 'PhysXExtensions_static_64.pdb' was not found with 'PhysXExtensions_static_64.lib(SnRepXUpgrader.obj)' or at 'C:\Users\tonyk\source\repos\Spitoon\x64\Release\PhysXExtensions_static_64.pdb'; linking object as if no debug info
PhysXExtensions_static_64.lib(SnXmlSerialization.obj) : warning LNK4099: PDB 'PhysXExtensions_static_64.pdb' was not found with 'PhysXExtensions_static_64.lib(SnXmlSerialization.obj)' or at 'C:\Users\tonyk\source\repos\Spitoon\x64\Release\PhysXExtensions_static_64.pdb'; linking object as if no debug info
PhysXExtensions_static_64.lib(SnBinarySerialization.obj) : warning LNK4099: PDB 'PhysXExtensions_static_64.pdb' was not found with 'PhysXExtensions_static_64.lib(SnBinarySerialization.obj)' or at 'C:\Users\tonyk\source\repos\Spitoon\x64\Release\PhysXExtensions_static_64.pdb'; linking object as if no debug info
PhysXExtensions_static_64.lib(SnConvX.obj) : warning LNK4099: PDB 'PhysXExtensions_static_64.pdb' was not found with 'PhysXExtensions_static_64.lib(SnConvX.obj)' or at 'C:\Users\tonyk\source\repos\Spitoon\x64\Release\PhysXExtensions_static_64.pdb'; linking object as if no debug info
PhysXExtensions_static_64.lib(SnConvX_Align.obj) : warning LNK4099: PDB 'PhysXExtensions_static_64.pdb' was not found with 'PhysXExtensions_static_64.lib(SnConvX_Align.obj)' or at 'C:\Users\tonyk\source\repos\Spitoon\x64\Release\PhysXExtensions_static_64.pdb'; linking object as if no debug info
PhysXExtensions_static_64.lib(SnConvX_Convert.obj) : warning LNK4099: PDB 'PhysXExtensions_static_64.pdb' was not found with 'PhysXExtensions_static_64.lib(SnConvX_Convert.obj)' or at 'C:\Users\tonyk\source\repos\Spitoon\x64\Release\PhysXExtensions_static_64.pdb'; linking object as if no debug info
PhysXExtensions_static_64.lib(SnConvX_Error.obj) : warning LNK4099: PDB 'PhysXExtensions_static_64.pdb' was not found with 'PhysXExtensions_static_64.lib(SnConvX_Error.obj)' or at 'C:\Users\tonyk\source\repos\Spitoon\x64\Release\PhysXExtensions_static_64.pdb'; linking object as if no debug info
PhysXExtensions_static_64.lib(SnConvX_MetaData.obj) : warning LNK4099: PDB 'PhysXExtensions_static_64.pdb' was not found with 'PhysXExtensions_static_64.lib(SnConvX_MetaData.obj)' or at 'C:\Users\tonyk\source\repos\Spitoon\x64\Release\PhysXExtensions_static_64.pdb'; linking object as if no debug info
PhysXExtensions_static_64.lib(SnConvX_Output.obj) : warning LNK4099: PDB 'PhysXExtensions_static_64.pdb' was not found with 'PhysXExtensions_static_64.lib(SnConvX_Output.obj)' or at 'C:\Users\tonyk\source\repos\Spitoon\x64\Release\PhysXExtensions_static_64.pdb'; linking object as if no debug info
PhysXExtensions_static_64.lib(SnConvX_Union.obj) : warning LNK4099: PDB 'PhysXExtensions_static_64.pdb' was not found with 'PhysXExtensions_static_64.lib(SnConvX_Union.obj)' or at 'C:\Users\tonyk\source\repos\Spitoon\x64\Release\PhysXExtensions_static_64.pdb'; linking object as if no debug info
PhysXExtensions_static_64.lib(SnSerializationContext.obj) : warning LNK4099: PDB '' was not found with 'PhysXExtensions_static_64.lib(SnSerializationContext.obj)' or at ''; linking object as if no debug info
PhysXExtensions_static_64.lib(PsFastXml.obj) : warning LNK4099: PDB 'FastXml_64.pdb' was not found with 'PhysXExtensions_static_64.lib(PsFastXml.obj)' or at 'C:\Users\tonyk\source\repos\Spitoon\x64\Release\FastXml_64.pdb'; linking object as if no debug info
  GameTech.vcxproj -> C:\Users\tonyk\source\repos\Spitoon\x64\Release\GameTech.exe
