c:\users\tonyk\source\repos\spitoon\x64\debug\ui.pdb
c:\users\tonyk\source\repos\spitoon\x64\debug\ui.idb
c:\users\tonyk\source\repos\spitoon\ui\x64\debug\timemenu.obj
c:\users\tonyk\source\repos\spitoon\ui\x64\debug\startmenu.obj
c:\users\tonyk\source\repos\spitoon\ui\x64\debug\scoremenu.obj
c:\users\tonyk\source\repos\spitoon\ui\x64\debug\imgui_widgets.obj
c:\users\tonyk\source\repos\spitoon\ui\x64\debug\imgui_tables.obj
c:\users\tonyk\source\repos\spitoon\ui\x64\debug\imgui_draw.obj
c:\users\tonyk\source\repos\spitoon\ui\x64\debug\imgui_demo.obj
c:\users\tonyk\source\repos\spitoon\ui\x64\debug\imgui.obj
c:\users\tonyk\source\repos\spitoon\ui\x64\debug\imgui_impl_win32.obj
c:\users\tonyk\source\repos\spitoon\ui\x64\debug\imgui_impl_opengl3.obj
c:\users\tonyk\source\repos\spitoon\ui\x64\debug\imgui_impl_glfw.obj
c:\users\tonyk\source\repos\spitoon\ui\x64\debug\gui.obj
c:\users\tonyk\source\repos\spitoon\ui\x64\debug\gameendmenu.obj
c:\users\tonyk\source\repos\spitoon\x64\debug\ui.lib
c:\users\tonyk\source\repos\spitoon\ui\x64\debug\ui.tlog\cl.command.1.tlog
c:\users\tonyk\source\repos\spitoon\ui\x64\debug\ui.tlog\cl.read.1.tlog
c:\users\tonyk\source\repos\spitoon\ui\x64\debug\ui.tlog\cl.write.1.tlog
c:\users\tonyk\source\repos\spitoon\ui\x64\debug\ui.tlog\lib-link.read.1.tlog
c:\users\tonyk\source\repos\spitoon\ui\x64\debug\ui.tlog\lib-link.write.1.tlog
c:\users\tonyk\source\repos\spitoon\ui\x64\debug\ui.tlog\lib.command.1.tlog
