c:\users\tonyk\source\repos\spitoon\common\debug\common.pdb
c:\users\tonyk\source\repos\spitoon\common\debug\common.idb
c:\users\tonyk\source\repos\spitoon\common\debug\texturewriter.obj
c:\users\tonyk\source\repos\spitoon\common\debug\textureloader.obj
c:\users\tonyk\source\repos\spitoon\common\debug\texturebase.obj
c:\users\tonyk\source\repos\spitoon\common\debug\simplefont.obj
c:\users\tonyk\source\repos\spitoon\common\debug\shaderbase.obj
c:\users\tonyk\source\repos\spitoon\common\debug\rendererbase.obj
c:\users\tonyk\source\repos\spitoon\common\debug\quaternion.obj
c:\users\tonyk\source\repos\spitoon\common\debug\plane.obj
c:\users\tonyk\source\repos\spitoon\common\debug\mouse.obj
c:\users\tonyk\source\repos\spitoon\common\debug\meshmaterial.obj
c:\users\tonyk\source\repos\spitoon\common\debug\meshgeometry.obj
c:\users\tonyk\source\repos\spitoon\common\debug\meshanimation.obj
c:\users\tonyk\source\repos\spitoon\common\debug\matrix4.obj
c:\users\tonyk\source\repos\spitoon\common\debug\matrix3.obj
c:\users\tonyk\source\repos\spitoon\common\debug\matrix2.obj
c:\users\tonyk\source\repos\spitoon\common\debug\maths.obj
c:\users\tonyk\source\repos\spitoon\common\debug\keyboard.obj
c:\users\tonyk\source\repos\spitoon\common\debug\gametimer.obj
c:\users\tonyk\source\repos\spitoon\common\debug\camera.obj
c:\users\tonyk\source\repos\spitoon\common\debug\assets.obj
c:\users\tonyk\source\repos\spitoon\common\debug\window.obj
c:\users\tonyk\source\repos\spitoon\common\debug\win32window.obj
c:\users\tonyk\source\repos\spitoon\common\debug\win32mouse.obj
c:\users\tonyk\source\repos\spitoon\common\debug\win32keyboard.obj
c:\users\tonyk\source\repos\spitoon\common\debug\vector4.obj
c:\users\tonyk\source\repos\spitoon\common\debug\vector3.obj
c:\users\tonyk\source\repos\spitoon\common\debug\vector2.obj
c:\users\tonyk\source\repos\spitoon\win32\debug\common.lib
c:\users\tonyk\source\repos\spitoon\common\debug\common.tlog\cl.command.1.tlog
c:\users\tonyk\source\repos\spitoon\common\debug\common.tlog\cl.read.1.tlog
c:\users\tonyk\source\repos\spitoon\common\debug\common.tlog\cl.write.1.tlog
c:\users\tonyk\source\repos\spitoon\common\debug\common.tlog\lib-link.read.1.tlog
c:\users\tonyk\source\repos\spitoon\common\debug\common.tlog\lib-link.write.1.tlog
c:\users\tonyk\source\repos\spitoon\common\debug\common.tlog\lib.command.1.tlog
